<?xml version="1.0" encoding="UTF-8"?>
<testng-results skipped="0" failed="0" ignored="0" total="1" passed="1">
  <reporter-output>
  </reporter-output>
  <suite name="Default suite" duration-ms="27" started-at="2024-07-11T21:13:21Z" finished-at="2024-07-11T21:13:21Z">
    <groups>
    </groups>
    <test name="Default test" duration-ms="27" started-at="2024-07-11T21:13:21Z" finished-at="2024-07-11T21:13:21Z">
      <class name="stepDefinitions.TestNG">
        <test-method status="PASS" signature="loginPage()[pri:0, instance:stepDefinitions.TestNG@7dc304]" name="loginPage" duration-ms="8" started-at="2024-07-11T21:13:21Z" finished-at="2024-07-11T21:13:21Z">
          <reporter-output>
          </reporter-output>
        </test-method> <!-- loginPage -->
      </class> <!-- stepDefinitions.TestNG -->
    </test> <!-- Default test -->
  </suite> <!-- Default suite -->
</testng-results>
